<?xml version="1.0" encoding="UTF-8"?>
<testsuite xmlns:xsi="http://www.w3.org/2001/XMLSchema-instance" xsi:noNamespaceSchemaLocation="https://maven.apache.org/surefire/maven-surefire-plugin/xsd/surefire-test-report-3.0.xsd" version="3.0" name="DynamoDBLambdaCRUD.Assignment.AppTest" time="0.078" tests="1" errors="0" skipped="0" failures="0">
  <properties>
    <property name="java.specification.version" value="22"/>
    <property name="sun.cpu.isalist" value="amd64"/>
    <property name="sun.jnu.encoding" value="Cp1252"/>
    <property name="java.class.path" value="C:\Users\91885\eclipse-workspace\Assignment\target\test-classes;C:\Users\91885\eclipse-workspace\Assignment\target\classes;C:\Users\91885\.m2\repository\org\junit\jupiter\junit-jupiter-api\5.11.0\junit-jupiter-api-5.11.0.jar;C:\Users\91885\.m2\repository\org\opentest4j\opentest4j\1.3.0\opentest4j-1.3.0.jar;C:\Users\91885\.m2\repository\org\junit\platform\junit-platform-commons\1.11.0\junit-platform-commons-1.11.0.jar;C:\Users\91885\.m2\repository\org\apiguardian\apiguardian-api\1.1.2\apiguardian-api-1.1.2.jar;C:\Users\91885\.m2\repository\org\junit\jupiter\junit-jupiter-params\5.11.0\junit-jupiter-params-5.11.0.jar;C:\Users\91885\.m2\repository\com\amazonaws\aws-lambda-java-core\1.2.1\aws-lambda-java-core-1.2.1.jar;C:\Users\91885\.m2\repository\software\amazon\awssdk\dynamodb\2.20.9\dynamodb-2.20.9.jar;C:\Users\91885\.m2\repository\software\amazon\awssdk\aws-json-protocol\2.20.9\aws-json-protocol-2.20.9.jar;C:\Users\91885\.m2\repository\software\amazon\awssdk\third-party-jackson-core\2.20.9\third-party-jackson-core-2.20.9.jar;C:\Users\91885\.m2\repository\software\amazon\awssdk\protocol-core\2.20.9\protocol-core-2.20.9.jar;C:\Users\91885\.m2\repository\software\amazon\awssdk\profiles\2.20.9\profiles-2.20.9.jar;C:\Users\91885\.m2\repository\software\amazon\awssdk\sdk-core\2.20.9\sdk-core-2.20.9.jar;C:\Users\91885\.m2\repository\org\slf4j\slf4j-api\1.7.30\slf4j-api-1.7.30.jar;C:\Users\91885\.m2\repository\org\reactivestreams\reactive-streams\1.0.3\reactive-streams-1.0.3.jar;C:\Users\91885\.m2\repository\software\amazon\awssdk\auth\2.20.9\auth-2.20.9.jar;C:\Users\91885\.m2\repository\software\amazon\eventstream\eventstream\1.0.1\eventstream-1.0.1.jar;C:\Users\91885\.m2\repository\software\amazon\awssdk\http-client-spi\2.20.9\http-client-spi-2.20.9.jar;C:\Users\91885\.m2\repository\software\amazon\awssdk\regions\2.20.9\regions-2.20.9.jar;C:\Users\91885\.m2\repository\software\amazon\awssdk\annotations\2.20.9\annotations-2.20.9.jar;C:\Users\91885\.m2\repository\software\amazon\awssdk\utils\2.20.9\utils-2.20.9.jar;C:\Users\91885\.m2\repository\software\amazon\awssdk\aws-core\2.20.9\aws-core-2.20.9.jar;C:\Users\91885\.m2\repository\software\amazon\awssdk\metrics-spi\2.20.9\metrics-spi-2.20.9.jar;C:\Users\91885\.m2\repository\software\amazon\awssdk\json-utils\2.20.9\json-utils-2.20.9.jar;C:\Users\91885\.m2\repository\software\amazon\awssdk\endpoints-spi\2.20.9\endpoints-spi-2.20.9.jar;C:\Users\91885\.m2\repository\software\amazon\awssdk\apache-client\2.20.9\apache-client-2.20.9.jar;C:\Users\91885\.m2\repository\org\apache\httpcomponents\httpclient\4.5.13\httpclient-4.5.13.jar;C:\Users\91885\.m2\repository\commons-logging\commons-logging\1.2\commons-logging-1.2.jar;C:\Users\91885\.m2\repository\org\apache\httpcomponents\httpcore\4.4.13\httpcore-4.4.13.jar;C:\Users\91885\.m2\repository\commons-codec\commons-codec\1.15\commons-codec-1.15.jar;C:\Users\91885\.m2\repository\software\amazon\awssdk\netty-nio-client\2.20.9\netty-nio-client-2.20.9.jar;C:\Users\91885\.m2\repository\io\netty\netty-codec-http\4.1.86.Final\netty-codec-http-4.1.86.Final.jar;C:\Users\91885\.m2\repository\io\netty\netty-codec-http2\4.1.86.Final\netty-codec-http2-4.1.86.Final.jar;C:\Users\91885\.m2\repository\io\netty\netty-codec\4.1.86.Final\netty-codec-4.1.86.Final.jar;C:\Users\91885\.m2\repository\io\netty\netty-transport\4.1.86.Final\netty-transport-4.1.86.Final.jar;C:\Users\91885\.m2\repository\io\netty\netty-resolver\4.1.86.Final\netty-resolver-4.1.86.Final.jar;C:\Users\91885\.m2\repository\io\netty\netty-common\4.1.86.Final\netty-common-4.1.86.Final.jar;C:\Users\91885\.m2\repository\io\netty\netty-buffer\4.1.86.Final\netty-buffer-4.1.86.Final.jar;C:\Users\91885\.m2\repository\io\netty\netty-handler\4.1.86.Final\netty-handler-4.1.86.Final.jar;C:\Users\91885\.m2\repository\io\netty\netty-transport-native-unix-common\4.1.86.Final\netty-transport-native-unix-common-4.1.86.Final.jar;C:\Users\91885\.m2\repository\io\netty\netty-transport-classes-epoll\4.1.86.Final\netty-transport-classes-epoll-4.1.86.Final.jar;C:\Users\91885\.m2\repository\com\amazonaws\aws-lambda-java-events\3.11.0\aws-lambda-java-events-3.11.0.jar;C:\Users\91885\.m2\repository\joda-time\joda-time\2.6\joda-time-2.6.jar;C:\Users\91885\.m2\repository\com\fasterxml\jackson\core\jackson-databind\2.13.4\jackson-databind-2.13.4.jar;C:\Users\91885\.m2\repository\com\fasterxml\jackson\core\jackson-annotations\2.13.4\jackson-annotations-2.13.4.jar;C:\Users\91885\.m2\repository\com\fasterxml\jackson\core\jackson-core\2.13.4\jackson-core-2.13.4.jar;"/>
    <property name="java.vm.vendor" value="Eclipse Adoptium"/>
    <property name="sun.arch.data.model" value="64"/>
    <property name="user.variant" value=""/>
    <property name="java.vendor.url" value="https://adoptium.net/"/>
    <property name="user.timezone" value="America/Los_Angeles"/>
    <property name="os.name" value="Windows 10"/>
    <property name="java.vm.specification.version" value="22"/>
    <property name="sun.java.launcher" value="SUN_STANDARD"/>
    <property name="user.country" value="US"/>
    <property name="sun.boot.library.path" value="C:\Users\91885\.p2\pool\plugins\org.eclipse.justj.openjdk.hotspot.jre.full.win32.x86_64_22.0.2.v20240802-1626\jre\bin"/>
    <property name="sun.java.command" value="C:\Users\91885\AppData\Local\Temp\surefire17712000829111934350\surefirebooter-20240911092731917_3.jar C:\Users\91885\AppData\Local\Temp\surefire17712000829111934350 2024-09-11T09-27-31_650-jvmRun1 surefire-20240911092731917_1tmp surefire_0-20240911092731917_2tmp"/>
    <property name="jdk.debug" value="release"/>
    <property name="surefire.test.class.path" value="C:\Users\91885\eclipse-workspace\Assignment\target\test-classes;C:\Users\91885\eclipse-workspace\Assignment\target\classes;C:\Users\91885\.m2\repository\org\junit\jupiter\junit-jupiter-api\5.11.0\junit-jupiter-api-5.11.0.jar;C:\Users\91885\.m2\repository\org\opentest4j\opentest4j\1.3.0\opentest4j-1.3.0.jar;C:\Users\91885\.m2\repository\org\junit\platform\junit-platform-commons\1.11.0\junit-platform-commons-1.11.0.jar;C:\Users\91885\.m2\repository\org\apiguardian\apiguardian-api\1.1.2\apiguardian-api-1.1.2.jar;C:\Users\91885\.m2\repository\org\junit\jupiter\junit-jupiter-params\5.11.0\junit-jupiter-params-5.11.0.jar;C:\Users\91885\.m2\repository\com\amazonaws\aws-lambda-java-core\1.2.1\aws-lambda-java-core-1.2.1.jar;C:\Users\91885\.m2\repository\software\amazon\awssdk\dynamodb\2.20.9\dynamodb-2.20.9.jar;C:\Users\91885\.m2\repository\software\amazon\awssdk\aws-json-protocol\2.20.9\aws-json-protocol-2.20.9.jar;C:\Users\91885\.m2\repository\software\amazon\awssdk\third-party-jackson-core\2.20.9\third-party-jackson-core-2.20.9.jar;C:\Users\91885\.m2\repository\software\amazon\awssdk\protocol-core\2.20.9\protocol-core-2.20.9.jar;C:\Users\91885\.m2\repository\software\amazon\awssdk\profiles\2.20.9\profiles-2.20.9.jar;C:\Users\91885\.m2\repository\software\amazon\awssdk\sdk-core\2.20.9\sdk-core-2.20.9.jar;C:\Users\91885\.m2\repository\org\slf4j\slf4j-api\1.7.30\slf4j-api-1.7.30.jar;C:\Users\91885\.m2\repository\org\reactivestreams\reactive-streams\1.0.3\reactive-streams-1.0.3.jar;C:\Users\91885\.m2\repository\software\amazon\awssdk\auth\2.20.9\auth-2.20.9.jar;C:\Users\91885\.m2\repository\software\amazon\eventstream\eventstream\1.0.1\eventstream-1.0.1.jar;C:\Users\91885\.m2\repository\software\amazon\awssdk\http-client-spi\2.20.9\http-client-spi-2.20.9.jar;C:\Users\91885\.m2\repository\software\amazon\awssdk\regions\2.20.9\regions-2.20.9.jar;C:\Users\91885\.m2\repository\software\amazon\awssdk\annotations\2.20.9\annotations-2.20.9.jar;C:\Users\91885\.m2\repository\software\amazon\awssdk\utils\2.20.9\utils-2.20.9.jar;C:\Users\91885\.m2\repository\software\amazon\awssdk\aws-core\2.20.9\aws-core-2.20.9.jar;C:\Users\91885\.m2\repository\software\amazon\awssdk\metrics-spi\2.20.9\metrics-spi-2.20.9.jar;C:\Users\91885\.m2\repository\software\amazon\awssdk\json-utils\2.20.9\json-utils-2.20.9.jar;C:\Users\91885\.m2\repository\software\amazon\awssdk\endpoints-spi\2.20.9\endpoints-spi-2.20.9.jar;C:\Users\91885\.m2\repository\software\amazon\awssdk\apache-client\2.20.9\apache-client-2.20.9.jar;C:\Users\91885\.m2\repository\org\apache\httpcomponents\httpclient\4.5.13\httpclient-4.5.13.jar;C:\Users\91885\.m2\repository\commons-logging\commons-logging\1.2\commons-logging-1.2.jar;C:\Users\91885\.m2\repository\org\apache\httpcomponents\httpcore\4.4.13\httpcore-4.4.13.jar;C:\Users\91885\.m2\repository\commons-codec\commons-codec\1.15\commons-codec-1.15.jar;C:\Users\91885\.m2\repository\software\amazon\awssdk\netty-nio-client\2.20.9\netty-nio-client-2.20.9.jar;C:\Users\91885\.m2\repository\io\netty\netty-codec-http\4.1.86.Final\netty-codec-http-4.1.86.Final.jar;C:\Users\91885\.m2\repository\io\netty\netty-codec-http2\4.1.86.Final\netty-codec-http2-4.1.86.Final.jar;C:\Users\91885\.m2\repository\io\netty\netty-codec\4.1.86.Final\netty-codec-4.1.86.Final.jar;C:\Users\91885\.m2\repository\io\netty\netty-transport\4.1.86.Final\netty-transport-4.1.86.Final.jar;C:\Users\91885\.m2\repository\io\netty\netty-resolver\4.1.86.Final\netty-resolver-4.1.86.Final.jar;C:\Users\91885\.m2\repository\io\netty\netty-common\4.1.86.Final\netty-common-4.1.86.Final.jar;C:\Users\91885\.m2\repository\io\netty\netty-buffer\4.1.86.Final\netty-buffer-4.1.86.Final.jar;C:\Users\91885\.m2\repository\io\netty\netty-handler\4.1.86.Final\netty-handler-4.1.86.Final.jar;C:\Users\91885\.m2\repository\io\netty\netty-transport-native-unix-common\4.1.86.Final\netty-transport-native-unix-common-4.1.86.Final.jar;C:\Users\91885\.m2\repository\io\netty\netty-transport-classes-epoll\4.1.86.Final\netty-transport-classes-epoll-4.1.86.Final.jar;C:\Users\91885\.m2\repository\com\amazonaws\aws-lambda-java-events\3.11.0\aws-lambda-java-events-3.11.0.jar;C:\Users\91885\.m2\repository\joda-time\joda-time\2.6\joda-time-2.6.jar;C:\Users\91885\.m2\repository\com\fasterxml\jackson\core\jackson-databind\2.13.4\jackson-databind-2.13.4.jar;C:\Users\91885\.m2\repository\com\fasterxml\jackson\core\jackson-annotations\2.13.4\jackson-annotations-2.13.4.jar;C:\Users\91885\.m2\repository\com\fasterxml\jackson\core\jackson-core\2.13.4\jackson-core-2.13.4.jar;"/>
    <property name="sun.cpu.endian" value="little"/>
    <property name="user.home" value="C:\Users\91885"/>
    <property name="user.language" value="en"/>
    <property name="java.specification.vendor" value="Oracle Corporation"/>
    <property name="java.version.date" value="2024-07-16"/>
    <property name="java.home" value="C:\Users\91885\.p2\pool\plugins\org.eclipse.justj.openjdk.hotspot.jre.full.win32.x86_64_22.0.2.v20240802-1626\jre"/>
    <property name="file.separator" value="\"/>
    <property name="basedir" value="C:\Users\91885\eclipse-workspace\Assignment"/>
    <property name="style.color" value="always"/>
    <property name="java.vm.compressedOopsMode" value="Zero based"/>
    <property name="line.separator" value="&#10;"/>
    <property name="java.vm.specification.vendor" value="Oracle Corporation"/>
    <property name="java.specification.name" value="Java Platform API Specification"/>
    <property name="surefire.real.class.path" value="C:\Users\91885\AppData\Local\Temp\surefire17712000829111934350\surefirebooter-20240911092731917_3.jar"/>
    <property name="user.script" value=""/>
    <property name="sun.management.compiler" value="HotSpot 64-Bit Tiered Compilers"/>
    <property name="java.runtime.version" value="22.0.2+9"/>
    <property name="user.name" value="91885"/>
    <property name="stdout.encoding" value="Cp1252"/>
    <property name="path.separator" value=";"/>
    <property name="os.version" value="10.0"/>
    <property name="java.runtime.name" value="OpenJDK Runtime Environment"/>
    <property name="file.encoding" value="UTF-8"/>
    <property name="java.vm.name" value="OpenJDK 64-Bit Server VM"/>
    <property name="java.vendor.version" value="Temurin-22.0.2+9"/>
    <property name="localRepository" value="C:\Users\91885\.m2\repository"/>
    <property name="java.vendor.url.bug" value="https://github.com/adoptium/adoptium-support/issues"/>
    <property name="java.io.tmpdir" value="C:\Users\91885\AppData\Local\Temp\"/>
    <property name="java.version" value="22.0.2"/>
    <property name="user.dir" value="C:\Users\91885\eclipse-workspace\Assignment"/>
    <property name="os.arch" value="amd64"/>
    <property name="java.vm.specification.name" value="Java Virtual Machine Specification"/>
    <property name="sun.os.patch.level" value=""/>
    <property name="native.encoding" value="Cp1252"/>
    <property name="java.library.path" value="C:\Users\91885\.p2\pool\plugins\org.eclipse.justj.openjdk.hotspot.jre.full.win32.x86_64_22.0.2.v20240802-1626\jre\bin;C:\Windows\Sun\Java\bin;C:\Windows\system32;C:\Windows;C:/Users/91885/.p2/pool/plugins/org.eclipse.justj.openjdk.hotspot.jre.full.win32.x86_64_22.0.2.v20240802-1626/jre/bin/server;C:/Users/91885/.p2/pool/plugins/org.eclipse.justj.openjdk.hotspot.jre.full.win32.x86_64_22.0.2.v20240802-1626/jre/bin;C:\Program Files\Microsoft SDKs\Azure\CLI2\wbin;C:\Program Files\Eclipse Adoptium\jdk-21.0.4.7-hotspot\bin;C:\Windows\system32;C:\Windows;C:\Windows\System32\Wbem;C:\Windows\System32\WindowsPowerShell\v1.0\;C:\Windows\System32\OpenSSH\;C:\Program Files\nodejs\;C:\Program Files\Docker\Docker\resources\bin;C:\Program Files\Kubernetes\Minikube;C:\Program Files (x86)\Google\Cloud SDK\google-cloud-sdk\bin;C:\Program Files\Git\cmd;C:\Program Files\Amazon\AWSCLIV2\;C:\Users\91885\AppData\Local\Programs\Python\Python312\Scripts\;C:\Users\91885\AppData\Local\Programs\Python\Python312\;C:\Users\91885\AppData\Local\Programs\Python\Launcher\;C:\Users\91885\AppData\Local\Microsoft\WindowsApps;C:\Users\91885\AppData\Local\Programs\Microsoft VS Code\bin;C:\Users\91885\AppData\Roaming\npm;C:\Users\91885\AppData\Local\Programs\Ollama;C:\Windows\system32;;."/>
    <property name="java.vm.info" value="mixed mode"/>
    <property name="stderr.encoding" value="Cp1252"/>
    <property name="java.vendor" value="Eclipse Adoptium"/>
    <property name="java.vm.version" value="22.0.2+9"/>
    <property name="sun.io.unicode.encoding" value="UnicodeLittle"/>
    <property name="java.class.version" value="66.0"/>
  </properties>
  <testcase name="shouldAnswerWithTrue" classname="DynamoDBLambdaCRUD.Assignment.AppTest" time="0.039"/>
</testsuite>